platforms/android/app/build/intermediates/manifest_merge_blame_file/release/processReleaseMainManifest/manifest-merger-blame-release-report.txt
1<?xml version="1.0" encoding="utf-8"?>
2<manifest xmlns:android="http://schemas.android.com/apk/res/android"
3    package="org.nativescript.dateday"
4    android:versionCode="1"
5    android:versionName="1.0.0" >
6
7    <uses-sdk
8        android:minSdkVersion="23"
9        android:targetSdkVersion="34" />
10
11    <supports-screens
11-->src\main\AndroidManifest.xml:5:2-9:33
12        android:largeScreens="true"
12-->src\main\AndroidManifest.xml:8:3-30
13        android:normalScreens="true"
13-->src\main\AndroidManifest.xml:7:3-31
14        android:smallScreens="true"
14-->src\main\AndroidManifest.xml:6:3-30
15        android:xlargeScreens="true" />
15-->src\main\AndroidManifest.xml:9:3-31
16
17    <uses-permission
17-->src\main\AndroidManifest.xml:11:2-76
18        android:name="android.permission.READ_EXTERNAL_STORAGE"
18-->src\main\AndroidManifest.xml:11:19-74
19        android:maxSdkVersion="28" />
19-->[:widgets-release:] AndroidManifest.xml:11:9-35
20    <uses-permission
20-->src\main\AndroidManifest.xml:12:2-77
21        android:name="android.permission.WRITE_EXTERNAL_STORAGE"
21-->src\main\AndroidManifest.xml:12:19-75
22        android:maxSdkVersion="28" />
22-->[:widgets-release:] AndroidManifest.xml:14:9-35
23    <uses-permission android:name="android.permission.INTERNET" />
23-->src\main\AndroidManifest.xml:13:2-63
23-->src\main\AndroidManifest.xml:13:19-61
24    <uses-permission android:name="android.permission.ACCESS_NETWORK_STATE" />
24-->src\main\AndroidManifest.xml:14:2-75
24-->src\main\AndroidManifest.xml:14:19-73
25
26    <permission
26-->[androidx.core:core:1.13.0] AndroidManifest.xml:22:5-24:47
27        android:name="org.nativescript.dateday.DYNAMIC_RECEIVER_NOT_EXPORTED_PERMISSION"
27-->[androidx.core:core:1.13.0] AndroidManifest.xml:23:9-81
28        android:protectionLevel="signature" />
28-->[androidx.core:core:1.13.0] AndroidManifest.xml:24:9-44
29
30    <uses-permission android:name="org.nativescript.dateday.DYNAMIC_RECEIVER_NOT_EXPORTED_PERMISSION" />
30-->[androidx.core:core:1.13.0] AndroidManifest.xml:26:5-97
30-->[androidx.core:core:1.13.0] AndroidManifest.xml:26:22-94
31    <uses-permission android:name="android.permission.READ_PHONE_STATE" />
32
33    <application
33-->src\main\AndroidManifest.xml:16:2-41:16
34        android:name="com.tns.NativeScriptApplication"
34-->src\main\AndroidManifest.xml:17:3-49
35        android:allowBackup="true"
35-->src\main\AndroidManifest.xml:18:3-29
36        android:appComponentFactory="androidx.core.app.CoreComponentFactory"
36-->[androidx.core:core:1.13.0] AndroidManifest.xml:28:18-86
37        android:extractNativeLibs="false"
38        android:hardwareAccelerated="true"
38-->src\main\AndroidManifest.xml:22:3-37
39        android:icon="@mipmap/ic_launcher"
39-->src\main\AndroidManifest.xml:19:3-37
40        android:label="@string/app_name"
40-->src\main\AndroidManifest.xml:20:3-35
41        android:theme="@style/AppTheme" >
41-->src\main\AndroidManifest.xml:21:3-34
42        <activity
42-->src\main\AndroidManifest.xml:24:3-39:14
43            android:name="com.tns.NativeScriptActivity"
43-->src\main\AndroidManifest.xml:25:4-47
44            android:configChanges="keyboard|keyboardHidden|orientation|screenSize|smallestScreenSize|screenLayout|locale|uiMode"
44-->src\main\AndroidManifest.xml:27:4-120
45            android:exported="true"
45-->src\main\AndroidManifest.xml:31:4-27
46            android:hardwareAccelerated="true"
46-->src\main\AndroidManifest.xml:29:4-38
47            android:label="@string/title_activity_kimera"
47-->src\main\AndroidManifest.xml:26:4-49
48            android:launchMode="singleTask"
48-->src\main\AndroidManifest.xml:30:9-40
49            android:theme="@style/LaunchScreenTheme" >
49-->src\main\AndroidManifest.xml:28:4-44
50            <meta-data
50-->src\main\AndroidManifest.xml:33:4-87
51                android:name="SET_THEME_ON_LAUNCH"
51-->src\main\AndroidManifest.xml:33:15-49
52                android:resource="@style/AppTheme" />
52-->src\main\AndroidManifest.xml:33:50-84
53
54            <intent-filter>
54-->src\main\AndroidManifest.xml:35:4-38:20
55                <action android:name="android.intent.action.MAIN" />
55-->src\main\AndroidManifest.xml:36:5-57
55-->src\main\AndroidManifest.xml:36:13-54
56
57                <category android:name="android.intent.category.LAUNCHER" />
57-->src\main\AndroidManifest.xml:37:5-65
57-->src\main\AndroidManifest.xml:37:15-62
58            </intent-filter>
59        </activity>
60        <activity android:name="com.tns.ErrorReportActivity" />
60-->src\main\AndroidManifest.xml:40:3-57
60-->src\main\AndroidManifest.xml:40:13-55
61
62        <provider
62-->[androidx.emoji2:emoji2:1.3.0] AndroidManifest.xml:24:9-32:20
63            android:name="androidx.startup.InitializationProvider"
63-->[androidx.emoji2:emoji2:1.3.0] AndroidManifest.xml:25:13-67
64            android:authorities="org.nativescript.dateday.androidx-startup"
64-->[androidx.emoji2:emoji2:1.3.0] AndroidManifest.xml:26:13-68
65            android:exported="false" >
65-->[androidx.emoji2:emoji2:1.3.0] AndroidManifest.xml:27:13-37
66            <meta-data
66-->[androidx.emoji2:emoji2:1.3.0] AndroidManifest.xml:29:13-31:52
67                android:name="androidx.emoji2.text.EmojiCompatInitializer"
67-->[androidx.emoji2:emoji2:1.3.0] AndroidManifest.xml:30:17-75
68                android:value="androidx.startup" />
68-->[androidx.emoji2:emoji2:1.3.0] AndroidManifest.xml:31:17-49
69            <meta-data
69-->[androidx.lifecycle:lifecycle-process:2.6.2] AndroidManifest.xml:29:13-31:52
70                android:name="androidx.lifecycle.ProcessLifecycleInitializer"
70-->[androidx.lifecycle:lifecycle-process:2.6.2] AndroidManifest.xml:30:17-78
71                android:value="androidx.startup" />
71-->[androidx.lifecycle:lifecycle-process:2.6.2] AndroidManifest.xml:31:17-49
72            <meta-data
72-->[androidx.profileinstaller:profileinstaller:1.3.1] AndroidManifest.xml:29:13-31:52
73                android:name="androidx.profileinstaller.ProfileInstallerInitializer"
73-->[androidx.profileinstaller:profileinstaller:1.3.1] AndroidManifest.xml:30:17-85
74                android:value="androidx.startup" />
74-->[androidx.profileinstaller:profileinstaller:1.3.1] AndroidManifest.xml:31:17-49
75        </provider>
76
77        <receiver
77-->[androidx.profileinstaller:profileinstaller:1.3.1] AndroidManifest.xml:34:9-52:20
78            android:name="androidx.profileinstaller.ProfileInstallReceiver"
78-->[androidx.profileinstaller:profileinstaller:1.3.1] AndroidManifest.xml:35:13-76
79            android:directBootAware="false"
79-->[androidx.profileinstaller:profileinstaller:1.3.1] AndroidManifest.xml:36:13-44
80            android:enabled="true"
80-->[androidx.profileinstaller:profileinstaller:1.3.1] AndroidManifest.xml:37:13-35
81            android:exported="true"
81-->[androidx.profileinstaller:profileinstaller:1.3.1] AndroidManifest.xml:38:13-36
82            android:permission="android.permission.DUMP" >
82-->[androidx.profileinstaller:profileinstaller:1.3.1] AndroidManifest.xml:39:13-57
83            <intent-filter>
83-->[androidx.profileinstaller:profileinstaller:1.3.1] AndroidManifest.xml:40:13-42:29
84                <action android:name="androidx.profileinstaller.action.INSTALL_PROFILE" />
84-->[androidx.profileinstaller:profileinstaller:1.3.1] AndroidManifest.xml:41:17-91
84-->[androidx.profileinstaller:profileinstaller:1.3.1] AndroidManifest.xml:41:25-88
85            </intent-filter>
86            <intent-filter>
86-->[androidx.profileinstaller:profileinstaller:1.3.1] AndroidManifest.xml:43:13-45:29
87                <action android:name="androidx.profileinstaller.action.SKIP_FILE" />
87-->[androidx.profileinstaller:profileinstaller:1.3.1] AndroidManifest.xml:44:17-85
87-->[androidx.profileinstaller:profileinstaller:1.3.1] AndroidManifest.xml:44:25-82
88            </intent-filter>
89            <intent-filter>
89-->[androidx.profileinstaller:profileinstaller:1.3.1] AndroidManifest.xml:46:13-48:29
90                <action android:name="androidx.profileinstaller.action.SAVE_PROFILE" />
90-->[androidx.profileinstaller:profileinstaller:1.3.1] AndroidManifest.xml:47:17-88
90-->[androidx.profileinstaller:profileinstaller:1.3.1] AndroidManifest.xml:47:25-85
91            </intent-filter>
92            <intent-filter>
92-->[androidx.profileinstaller:profileinstaller:1.3.1] AndroidManifest.xml:49:13-51:29
93                <action android:name="androidx.profileinstaller.action.BENCHMARK_OPERATION" />
93-->[androidx.profileinstaller:profileinstaller:1.3.1] AndroidManifest.xml:50:17-95
93-->[androidx.profileinstaller:profileinstaller:1.3.1] AndroidManifest.xml:50:25-92
94            </intent-filter>
95        </receiver>
96    </application>
97
98</manifest>